
> devvault@0.0.1 dev
> astro dev

14:18:57 [types] Generated 1ms
14:18:57 [content] Syncing content
14:18:57 [content] Synced content

 astro  v5.13.5 ready in 635 ms

┃ Local    http://localhost:4321/
┃ Network  http://10.227.28.239:4321/

14:18:57 watching for file changes...
14:19:31 [200] / 273ms
14:19:31 [ERROR] [vite] Internal server error: 

<script src="/shared.js"> references an asset in the "public/" directory. Please add the "is:inline" directive to keep this asset from being bundled.

File: /app/src/layouts/Layout.astro?astro&type=script&index=1&lang.ts
      at LoadPluginContext.load (file:///app/node_modules/astro/dist/vite-plugin-astro/index.js:119:21)
      at EnvironmentPluginContainer.load (file:///app/node_modules/vite/dist/node/chunks/dep-Bu492Fnd.js:42283:17)
      at process.processTicksAndRejections (node:internal/process/task_queues:95:5)
      at async loadAndTransform (file:///app/node_modules/vite/dist/node/chunks/dep-Bu492Fnd.js:35672:22)
14:19:53 [watch] src/layouts/Layout.astro
14:20:02 [200] / 76ms
14:20:19 [200] /frontend 11ms
14:20:37 Configuration file updated. Restarting...
14:20:37 [watch] astro.config.mjs
14:20:37 [watch] astro.config.mjs
2:20:37 PM [vite] (ssr) Error when evaluating SSR module /app/astro.config.mjs: Parse failure: Expression expected
At file: /app/astro.config.mjs:1:7
  File: /app/astro.config.mjs:1:7
  1  |  https://vscode-d8e0f94b-fa03-41cd-b3d8-0a20ab296848.preview.emergentagent.com/
     |        ^
      at getRollupError (file:///app/node_modules/rollup/dist/es/shared/parseAst.js:401:41)
      at convertProgram (file:///app/node_modules/rollup/dist/es/shared/parseAst.js:1098:26)
      at parseAstAsync (file:///app/node_modules/rollup/dist/es/shared/parseAst.js:2084:106)
      at async ssrTransformScript (file:///app/node_modules/vite/dist/node/chunks/dep-Bu492Fnd.js:25598:11)
      at async loadAndTransform (file:///app/node_modules/vite/dist/node/chunks/dep-Bu492Fnd.js:35789:65)
[astro] Unable to load your Astro config

14:20:37 [ERROR] [config] Parse failure: Expression expected
At file: /app/astro.config.mjs:1:7
  Stack trace:
    at /app/astro.config.mjs:1:7
    [...] See full stack trace in the browser, or rerun with --verbose.

14:20:37 [ERROR] Continuing with previous valid configuration

14:22:22 Configuration file updated. Restarting...
14:22:22 [watch] astro.config.mjs
14:22:22 [watch] astro.config.mjs
14:22:22 [vite] Re-optimizing dependencies because vite config has changed
14:22:23 [content] Syncing content
14:22:23 [content] Synced content
14:22:23 [types] Generated 702ms
14:22:23 [vite] Re-optimizing dependencies because vite config has changed
14:23:08 Configuration file updated. Restarting...
14:23:09 [vite] Re-optimizing dependencies because vite config has changed
14:23:09 [content] Syncing content
14:23:09 [content] Synced content
14:23:09 [types] Generated 707ms
14:23:09 [vite] Re-optimizing dependencies because vite config has changed
14:23:43 Configuration file updated. Restarting...
14:23:43 [vite] Re-optimizing dependencies because vite config has changed
14:23:44 [content] Syncing content
14:23:44 [content] Synced content
14:23:44 [types] Generated 709ms
14:23:44 [vite] Re-optimizing dependencies because vite config has changed
14:23:46 Configuration file updated. Restarting...
14:23:46 [vite] Re-optimizing dependencies because vite config has changed
14:23:47 [content] Syncing content
14:23:47 [content] Synced content
14:23:47 [types] Generated 788ms
14:23:47 [vite] Re-optimizing dependencies because vite config has changed
